This is LuaTeX, Version beta-0.80.0 (TeX Live 2015/Debian) (rev 5238)  (format=lualatex 2016.6.6)  10 AUG 2016 22:10
 restricted \write18 enabled.
**introduction.tex
(./introduction.tex
LaTeX2e <2016/02/01>
Babel <3.9q> and hyphenation patterns for 1 language(s) loaded.
! Undefined control sequence.
l.1 \chapter
          {Introduction}
The control sequence at the end of the top line
of your error message was never \def'ed. If you have
misspelled it (e.g., `\hobx'), type `I' and the correct
spelling (e.g., `I\hbox'). Otherwise just continue,
and I'll forget about whatever was undefined.


! LaTeX Error: Missing \begin{document}.

See the LaTeX manual or LaTeX Companion for explanation.
Type  H <return>  for immediate help.
 ...                                              
                                                  
l.1 \chapter{I
            ntroduction}
You're in trouble here.  Try typing  <return>  to proceed.
If that doesn't work, type  X <return>  to quit.


Overfull \hbox (20.0pt too wide) in paragraph at lines 1--2
[][]Introduction 
 []


! LaTeX Error: Missing \begin{document}.

See the LaTeX manual or LaTeX Companion for explanation.
Type  H <return>  for immediate help.
 ...                                              
                                                  
l.3 F
   ossil fuels play a large role in the world's energy production and as ene...
You're in trouble here.  Try typing  <return>  to proceed.
If that doesn't work, type  X <return>  to quit.

LaTeX Font Info:    External font `cmex10' loaded for size
(Font)              <7> on input line 5.
LaTeX Font Info:    External font `cmex10' loaded for size
(Font)              <5> on input line 5.

Overfull \hbox (20.0pt too wide) in paragraph at lines 3--6
[][]Fossil
 []


Overfull \hbox (19.97638pt too wide) in paragraph at lines 3--6
\OML/cmm/m/it/10 CO[]$
 []


Overfull \hbox (19.97638pt too wide) in paragraph at lines 3--6
\OML/cmm/m/it/10 CO[]$
 []


! LaTeX Error: Missing \begin{document}.

See the LaTeX manual or LaTeX Companion for explanation.
Type  H <return>  for immediate help.
 ...                                              
                                                  
l.7 I
   n light of those problems, renewable energy sources are needed. For elect...
You're in trouble here.  Try typing  <return>  to proceed.
If that doesn't work, type  X <return>  to quit.


Overfull \hbox (20.0pt too wide) in paragraph at lines 7--8
[][]In
 []


! LaTeX Error: Missing \begin{document}.

See the LaTeX manual or LaTeX Companion for explanation.
Type  H <return>  for immediate help.
 ...                                              
                                                  
l.9 F
   or these applications a more direct replacement for fossil fuels has to b...
You're in trouble here.  Try typing  <return>  to proceed.
If that doesn't work, type  X <return>  to quit.


Overfull \hbox (20.0pt too wide) in paragraph at lines 9--10
[][]For
 []


! LaTeX Error: Missing \begin{document}.

See the LaTeX manual or LaTeX Companion for explanation.
Type  H <return>  for immediate help.
 ...                                              
                                                  
l.11 O
    ne technology which potentially fits these needs are open photobioreacto...
You're in trouble here.  Try typing  <return>  to proceed.
If that doesn't work, type  X <return>  to quit.

)
! Emergency stop.
<*> introduction.tex
                 
*** (job aborted, no legal \end found)



Here is how much of LuaTeX's memory you used:
 20 strings out of 495004
 100000,89155 words of node,token memory allocated 16206 words of node memory still in use:
   18 hlist, 2 math, 451 glue, 2 kern, 8 penalty, 2291 glyph, 88 glue_spec, 1 te
mp, 5 local_par, 1 dir nodes
   avail lists: 2:11,3:1,7:167,10:148
 3697 multiletter control sequences out of 65536+600000
 25 fonts using 994519 bytes
 18i,2n,12p,669b,57s stack positions out of 5000i,500n,10000p,200000b,100000s
!  ==> Fatal error occurred, no output PDF file produced!
